This is pdfTeX, Version 3.1415926-1.40.10 (TeX Live 2009/Debian) (format=pdflatex 2013.3.1)  13 MAR 2013 15:16
entering extended mode
 %&-line parsing enabled.
**report.tex
(./report.tex
LaTeX2e <2009/09/24>
Babel <v3.8l> and hyphenation patterns for english, usenglishmax, dumylang, noh
yphenation, loaded.
(/usr/share/texmf-texlive/tex/latex/base/article.cls
Document Class: article 2007/10/19 v1.4h Standard LaTeX document class
(/usr/share/texmf-texlive/tex/latex/base/size10.clo
File: size10.clo 2007/10/19 v1.4h Standard LaTeX file (size option)
)
\c@part=\count79
\c@section=\count80
\c@subsection=\count81
\c@subsubsection=\count82
\c@paragraph=\count83
\c@subparagraph=\count84
\c@figure=\count85
\c@table=\count86
\abovecaptionskip=\skip41
\belowcaptionskip=\skip42
\bibindent=\dimen102
)
(/usr/share/texmf-texlive/tex/latex/amsmath/amsmath.sty
Package: amsmath 2000/07/18 v2.13 AMS math features
\@mathmargin=\skip43

For additional information on amsmath, use the `?' option.
(/usr/share/texmf-texlive/tex/latex/amsmath/amstext.sty
Package: amstext 2000/06/29 v2.01

(/usr/share/texmf-texlive/tex/latex/amsmath/amsgen.sty
File: amsgen.sty 1999/11/30 v2.0
\@emptytoks=\toks14
\ex@=\dimen103
))
(/usr/share/texmf-texlive/tex/latex/amsmath/amsbsy.sty
Package: amsbsy 1999/11/29 v1.2d
\pmbraise@=\dimen104
)
(/usr/share/texmf-texlive/tex/latex/amsmath/amsopn.sty
Package: amsopn 1999/12/14 v2.01 operator names
)
\inf@bad=\count87
LaTeX Info: Redefining \frac on input line 211.
\uproot@=\count88
\leftroot@=\count89
LaTeX Info: Redefining \overline on input line 307.
\classnum@=\count90
\DOTSCASE@=\count91
LaTeX Info: Redefining \ldots on input line 379.
LaTeX Info: Redefining \dots on input line 382.
LaTeX Info: Redefining \cdots on input line 467.
\Mathstrutbox@=\box26
\strutbox@=\box27
\big@size=\dimen105
LaTeX Font Info:    Redeclaring font encoding OML on input line 567.
LaTeX Font Info:    Redeclaring font encoding OMS on input line 568.
\macc@depth=\count92
\c@MaxMatrixCols=\count93
\dotsspace@=\muskip10
\c@parentequation=\count94
\dspbrk@lvl=\count95
\tag@help=\toks15
\row@=\count96
\column@=\count97
\maxfields@=\count98
\andhelp@=\toks16
\eqnshift@=\dimen106
\alignsep@=\dimen107
\tagshift@=\dimen108
\tagwidth@=\dimen109
\totwidth@=\dimen110
\lineht@=\dimen111
\@envbody=\toks17
\multlinegap=\skip44
\multlinetaggap=\skip45
\mathdisplay@stack=\toks18
LaTeX Info: Redefining \[ on input line 2666.
LaTeX Info: Redefining \] on input line 2667.
)
(/usr/share/texmf-texlive/tex/latex/graphics/graphicx.sty
Package: graphicx 1999/02/16 v1.0f Enhanced LaTeX Graphics (DPC,SPQR)

(/usr/share/texmf-texlive/tex/latex/graphics/keyval.sty
Package: keyval 1999/03/16 v1.13 key=value parser (DPC)
\KV@toks@=\toks19
)
(/usr/share/texmf-texlive/tex/latex/graphics/graphics.sty
Package: graphics 2009/02/05 v1.0o Standard LaTeX Graphics (DPC,SPQR)

(/usr/share/texmf-texlive/tex/latex/graphics/trig.sty
Package: trig 1999/03/16 v1.09 sin cos tan (DPC)
)
(/etc/texmf/tex/latex/config/graphics.cfg
File: graphics.cfg 2009/08/28 v1.8 graphics configuration of TeX Live
)
Package graphics Info: Driver file: pdftex.def on input line 91.

(/usr/share/texmf-texlive/tex/latex/pdftex-def/pdftex.def
File: pdftex.def 2010/03/12 v0.04p Graphics/color for pdfTeX
\Gread@gobject=\count99
))
\Gin@req@height=\dimen112
\Gin@req@width=\dimen113
)
(/usr/share/texmf-texlive/tex/latex/geometry/geometry.sty
Package: geometry 2008/12/21 v4.2 Page Geometry

(/usr/share/texmf-texlive/tex/generic/oberdiek/ifpdf.sty
Package: ifpdf 2009/04/10 v2.0 Provides the ifpdf switch (HO)
Package ifpdf Info: pdfTeX in pdf mode detected.
)
(/usr/share/texmf-texlive/tex/generic/oberdiek/ifvtex.sty
Package: ifvtex 2008/11/04 v1.4 Switches for detecting VTeX and its modes (HO)
Package ifvtex Info: VTeX not detected.
)
\Gm@cnth=\count100
\Gm@cntv=\count101
\c@Gm@tempcnt=\count102
\Gm@bindingoffset=\dimen114
\Gm@wd@mp=\dimen115
\Gm@odd@mp=\dimen116
\Gm@even@mp=\dimen117
\Gm@dimlist=\toks20
) (./report.aux)
\openout1 = `report.aux'.

LaTeX Font Info:    Checking defaults for OML/cmm/m/it on input line 9.
LaTeX Font Info:    ... okay on input line 9.
LaTeX Font Info:    Checking defaults for T1/cmr/m/n on input line 9.
LaTeX Font Info:    ... okay on input line 9.
LaTeX Font Info:    Checking defaults for OT1/cmr/m/n on input line 9.
LaTeX Font Info:    ... okay on input line 9.
LaTeX Font Info:    Checking defaults for OMS/cmsy/m/n on input line 9.
LaTeX Font Info:    ... okay on input line 9.
LaTeX Font Info:    Checking defaults for OMX/cmex/m/n on input line 9.
LaTeX Font Info:    ... okay on input line 9.
LaTeX Font Info:    Checking defaults for U/cmr/m/n on input line 9.
LaTeX Font Info:    ... okay on input line 9.

(/usr/share/texmf-texlive/tex/context/base/supp-pdf.mkii
[Loading MPS to PDF converter (version 2006.09.02).]
\scratchcounter=\count103
\scratchdimen=\dimen118
\scratchbox=\box28
\nofMPsegments=\count104
\nofMParguments=\count105
\everyMPshowfont=\toks21
\MPscratchCnt=\count106
\MPscratchDim=\dimen119
\MPnumerator=\count107
\everyMPtoPDFconversion=\toks22
)
*geometry auto-detecting driver*
*geometry detected driver: pdftex*
-------------------- Geometry parameters
paper: a4paper
landscape: --
twocolumn: --
twoside: --
asymmetric: --
h-parts: 72.26999pt, 452.9679pt, 72.26999pt
v-parts: 72.26999pt, 700.50687pt, 72.26999pt
hmarginratio: --
vmarginratio: --
lines: --
heightrounded: --
bindingoffset: 0.0pt
truedimen: --
includehead: --
includefoot: --
includemp: --
driver: pdftex
-------------------- Page layout dimensions and switches
\paperwidth  597.50787pt
\paperheight 845.04684pt
\textwidth  452.9679pt
\textheight 700.50687pt
\oddsidemargin  0.0pt
\evensidemargin 0.0pt
\topmargin  -37.0pt
\headheight 12.0pt
\headsep    25.0pt
\footskip   30.0pt
\marginparwidth 57.0pt
\marginparsep   11.0pt
\columnsep  10.0pt
\skip\footins  9.0pt plus 4.0pt minus 2.0pt
\hoffset 0.0pt
\voffset 0.0pt
\mag 1000

(1in=72.27pt, 1cm=28.45pt)
-----------------------
[1

{/var/lib/texmf/fonts/map/pdftex/updmap/pdftex.map}] (./report.toc [1])
\tf@toc=\write3
\openout3 = `report.toc'.


[2]
Underfull \hbox (badness 10000) in paragraph at lines 37--38

 []

<1.jpg, id=17, 401.5pt x 301.125pt>
File: 1.jpg Graphic file (type jpg)
 <use 1.jpg>
Underfull \hbox (badness 10000) in paragraph at lines 45--50

 []


Underfull \hbox (badness 10000) in paragraph at lines 45--50

 []

[3 <./1.jpg>] <2.jpg, id=21, 321.2pt x 481.8pt>
File: 2.jpg Graphic file (type jpg)
 <use 2.jpg>
Missing character: There is no ‚ in font cmr10!
Missing character: There is no Ä in font cmr10!
Missing character: There is no ô in font cmr10!

Underfull \hbox (badness 10000) in paragraph at lines 63--69

 []


Underfull \hbox (badness 10000) in paragraph at lines 63--69

 []

<3.jpg, id=22, 401.5pt x 259.97125pt>
File: 3.jpg Graphic file (type jpg)
 <use 3.jpg>
Underfull \hbox (badness 10000) in paragraph at lines 77--82

 []


Underfull \hbox (badness 10000) in paragraph at lines 77--82

 []

[4 <./2.jpg> <./3.jpg>] <4.jpg, id=26, 451.6875pt x 307.1475pt>
File: 4.jpg Graphic file (type jpg)
 <use 4.jpg>
Underfull \hbox (badness 10000) in paragraph at lines 91--96

 []


Underfull \hbox (badness 10000) in paragraph at lines 91--96

 []

[5 <./4.jpg>] <5.png, id=30, 715.67375pt x 352.31625pt>
File: 5.png Graphic file (type png)
 <use 5.png>
Underfull \hbox (badness 10000) in paragraph at lines 105--106

 []

LaTeX Font Info:    Try loading font information for OMS+cmr on input line 107.

(/usr/share/texmf-texlive/tex/latex/base/omscmr.fd
File: omscmr.fd 1999/05/25 v2.5h Standard LaTeX font definitions
)
LaTeX Font Info:    Font shape `OMS/cmr/m/n' in size <10> not available
(Font)              Font shape `OMS/cmsy/m/n' tried instead on input line 107.

Underfull \hbox (badness 10000) in paragraph at lines 111--115

 []

[6 <./5.png (PNG copy)>] <scale.png, id=36, 147.55125pt x 91.84312pt>
File: scale.png Graphic file (type png)

<use scale.png> <scale3.png, id=37, 199.74625pt x 133.49875pt>
File: scale3.png Graphic file (type png)

<use scale3.png>
File: scale.png Graphic file (type png)
 <use scale.png> <scale2.jpg, id=39, 102.1416pt x 53.4798pt>
File: scale2.jpg Graphic file (type jpg)

<use scale2.jpg>
Underfull \hbox (badness 10000) in paragraph at lines 123--124

 []


LaTeX Warning: Citation `swift' on page 7 undefined on input line 127.


LaTeX Warning: Citation `brewster' on page 7 undefined on input line 129.

Missing character: There is no ‚ in font cmr10!
Missing character: There is no Ä in font cmr10!
Missing character: There is no ò in font cmr10!
Missing character: There is no ‚ in font cmr10!
Missing character: There is no Ä in font cmr10!
Missing character: There is no ô in font cmr10!
Missing character: There is no ‚ in font cmr10!
Missing character: There is no Ä in font cmr10!
Missing character: There is no ò in font cmr10!
Missing character: There is no ‚ in font cmr10!
Missing character: There is no Ä in font cmr10!
Missing character: There is no ô in font cmr10!

Underfull \hbox (badness 10000) in paragraph at lines 127--132

 []


Underfull \hbox (badness 10000) in paragraph at lines 127--132

 []

Missing character: There is no ‚ in font cmr10!
Missing character: There is no Ä in font cmr10!
Missing character: There is no ú in font cmr10!
Missing character: There is no ‚ in font cmr10!
Missing character: There is no Ä in font cmr10!
Missing character: There is no ù in font cmr10!
Missing character: There is no ‚ in font cmr10!
Missing character: There is no Ä in font cmr10!
Missing character: There is no ù in font cmr10!
Missing character: There is no ‚ in font cmr10!
Missing character: There is no Ä in font cmr10!
Missing character: There is no ú in font cmr10!
Missing character: There is no ‚ in font cmr10!
Missing character: There is no Ä in font cmr10!
Missing character: There is no ù in font cmr10!

LaTeX Warning: Citation `midinope' on page 7 undefined on input line 137.


LaTeX Warning: Citation `stein' on page 7 undefined on input line 142.


Underfull \hbox (badness 10000) in paragraph at lines 140--145

 []


Underfull \hbox (badness 10000) in paragraph at lines 140--145

 []


Underfull \hbox (badness 10000) in paragraph at lines 140--145

 []

[7 <./scale.png (PNG copy)> <./scale3.png> <./scale2.jpg>]
Underfull \hbox (badness 10000) in paragraph at lines 147--148

 []

<diag1.png, id=45, 116.00261pt x 55.5923pt>
File: diag1.png Graphic file (type png)
 <use diag1.png>
Underfull \hbox (badness 10000) in paragraph at lines 153--158

 []


Underfull \hbox (badness 10000) in paragraph at lines 153--158

 []

<image11.jpg, id=46, 539.76656pt x 317.68687pt>
File: image11.jpg Graphic file (type jpg)
 <use image11.jpg>
Underfull \hbox (badness 10000) in paragraph at lines 161--164

 []

<image10.png, id=47, 401.5pt x 257.96375pt>
File: image10.png Graphic file (type png)
 <use image10.png> [8 <./diag1.png> <./image11.jpg>]
Underfull \hbox (badness 10000) in paragraph at lines 168--169

 []

<image16.png, id=52, 237.88875pt x 77.28876pt>
File: image16.png Graphic file (type png)
 <use image16.png> [9 <./image10.png> <./image16.png>] [10]
Underfull \hbox (badness 10000) in paragraph at lines 288--291

 []

Missing character: There is no ‚ in font cmr10!
Missing character: There is no Ä in font cmr10!
Missing character: There is no ô in font cmr10!
<6.png, id=61, 564.60938pt x 564.60938pt>
File: 6.png Graphic file (type png)
 <use 6.png> [11]
Missing character: There is no ‚ in font cmr10!
Missing character: There is no Ä in font cmr10!
Missing character: There is no ò in font cmr10!
Missing character: There is no ‚ in font cmr10!
Missing character: There is no Ä in font cmr10!
Missing character: There is no ô in font cmr10!
Missing character: There is no ‚ in font cmr10!
Missing character: There is no Ä in font cmr10!
Missing character: There is no ò in font cmr10!
Missing character: There is no ‚ in font cmr10!
Missing character: There is no Ä in font cmr10!
Missing character: There is no ô in font cmr10!
Missing character: There is no ‚ in font cmr10!
Missing character: There is no Ä in font cmr10!
Missing character: There is no ò in font cmr10!
Missing character: There is no ‚ in font cmr10!
Missing character: There is no Ä in font cmr10!
Missing character: There is no ô in font cmr10!
 [12 <./6.png>]
<tileprogression.jpg, id=71, 572.1375pt x 338.01282pt>
File: tileprogression.jpg Graphic file (type jpg)

<use tileprogression.jpg>
Underfull \hbox (badness 10000) in paragraph at lines 329--333

 []


Underfull \hbox (badness 10000) in paragraph at lines 329--333

 []


Underfull \hbox (badness 10000) in paragraph at lines 329--333

 []

<logoprogression.jpg, id=72, 261.97874pt x 606.76688pt>
File: logoprogression.jpg Graphic file (type jpg)

<use logoprogression.jpg> [13 <./tileprogression.jpg>]
<controlprogression.png, id=76, 1014.79124pt x 2695.06876pt>
File: controlprogression.png Graphic file (type png)

<use controlprogression.png> [14 <./logoprogression.jpg>]
Overfull \vbox (0.1945pt too high) has occurred while \output is active []


[15 <./controlprogression.png>]
Underfull \hbox (badness 10000) in paragraph at lines 340--344

 []


Underfull \hbox (badness 10000) in paragraph at lines 340--344

 []


Underfull \hbox (badness 10000) in paragraph at lines 340--344

 []

<numlayout.png, id=84, 1026.08344pt x 667.74469pt>
File: numlayout.png Graphic file (type png)
 <use numlayout.png>
Underfull \hbox (badness 10000) in paragraph at lines 364--369

 []


Underfull \hbox (badness 10000) in paragraph at lines 364--369

 []


Underfull \hbox (badness 10000) in paragraph at lines 364--369

 []

[16 <./numlayout.png>]
Underfull \hbox (badness 10000) in paragraph at lines 374--377

 []


Underfull \hbox (badness 10000) in paragraph at lines 374--377

 []

<utimer.png, id=89, 803.0pt x 803.0pt>
File: utimer.png Graphic file (type png)
 <use utimer.png> [17 <./utimer.png (PNG copy)>] <7.png, id=93, 664.4825pt x 40
8.52625pt>
File: 7.png Graphic file (type png)
 <use 7.png>
Underfull \hbox (badness 10000) in paragraph at lines 400--401

 []

[18 <./7.png>] <8.png, id=101, 1482.53876pt x 368.37625pt>
File: 8.png Graphic file (type png)
 <use 8.png> [19 <./8.png (PNG copy)>] <plan.png, id=105, 1066.82565pt x 536.84
566pt>
File: plan.png Graphic file (type png)

<use plan.png>
Overfull \vbox (19.82436pt too high) has occurred while \output is active []


[20 <./plan.png (PNG copy)>] <9.png, id=109, 703.62875pt x 264.99pt>
File: 9.png Graphic file (type png)

<use 9.png>
Missing character: There is no ‚ in font cmr10!
Missing character: There is no Ä in font cmr10!
Missing character: There is no ô in font cmr10!

Underfull \hbox (badness 10000) in paragraph at lines 434--447

 []


Underfull \hbox (badness 10000) in paragraph at lines 434--447

 []


Underfull \hbox (badness 10000) in paragraph at lines 434--447

 []


Underfull \hbox (badness 10000) in paragraph at lines 434--447

 []


Underfull \hbox (badness 10000) in paragraph at lines 434--447

 []


Underfull \hbox (badness 10000) in paragraph at lines 434--447

 []

Missing character: There is no ‚ in font cmr10!
Missing character: There is no Ä in font cmr10!
Missing character: There is no ò in font cmr10!
Missing character: There is no ‚ in font cmr10!
Missing character: There is no Ä in font cmr10!
Missing character: There is no ò in font cmr10!
[21 <./9.png (PNG copy)>]
Underfull \hbox (badness 10000) in paragraph at lines 458--459

 []

Missing character: There is no ‚ in font cmr10!
Missing character: There is no Ä in font cmr10!
Missing character: There is no ò in font cmr10!
Missing character: There is no ‚ in font cmr10!
Missing character: There is no Ä in font cmr10!
Missing character: There is no ô in font cmr10!
Missing character: There is no ‚ in font cmr10!
Missing character: There is no Ä in font cmr10!
Missing character: There is no ò in font cmr10!
Missing character: There is no ‚ in font cmr10!
Missing character: There is no Ä in font cmr10!
Missing character: There is no ô in font cmr10!
Missing character: There is no ‚ in font cmr10!
Missing character: There is no Ä in font cmr10!
Missing character: There is no ò in font cmr10!
Missing character: There is no ‚ in font cmr10!
Missing character: There is no Ä in font cmr10!
Missing character: There is no ô in font cmr10!
Missing character: There is no ‚ in font cmr10!
Missing character: There is no Ä in font cmr10!
Missing character: There is no ú in font cmr10!
Missing character: There is no ‚ in font cmr10!
Missing character: There is no Ä in font cmr10!
Missing character: There is no ù in font cmr10!
Missing character: There is no ‚ in font cmr10!
Missing character: There is no Ä in font cmr10!
Missing character: There is no ú in font cmr10!
Missing character: There is no ‚ in font cmr10!
Missing character: There is no Ä in font cmr10!
Missing character: There is no ù in font cmr10!
Missing character: There is no ‚ in font cmr10!
Missing character: There is no Ä in font cmr10!
Missing character: There is no ô in font cmr10!
Missing character: There is no ‚ in font cmr10!
Missing character: There is no Ä in font cmr10!
Missing character: There is no ¶ in font cmr10!

Overfull \hbox (37.90085pt too wide) in paragraph at lines 487--488
[]\OT1/cmr/bx/n/10 Example out-put data: $\OML/cmm/m/it/10 Note \OT1/cmr/m/n/10
 = 67\OML/cmm/m/it/10 :Thedirectionis\OT1/cmr/m/n/10 0\OML/cmm/m/it/10 :Thenode
is\OT1/cmr/m/n/10 (10\OML/cmm/m/it/10 ; \OT1/cmr/m/n/10 6)\OML/cmm/m/it/10 :Now
thedirectionis\OT1/cmr/m/n/10 0\OML/cmm/m/it/10 :Thenodeis\OT1/cmr/m/n/10 (10\O
ML/cmm/m/it/10 ; \OT1/cmr/m/n/10 5)$
 []


Underfull \hbox (badness 10000) in paragraph at lines 487--488

 []

Missing character: There is no ‚ in font cmr10!
Missing character: There is no Ä in font cmr10!
Missing character: There is no ô in font cmr10!

Underfull \hbox (badness 10000) in paragraph at lines 494--500

 []


Underfull \hbox (badness 10000) in paragraph at lines 494--500

 []

Missing character: There is no ‚ in font cmr10!
Missing character: There is no Ä in font cmr10!
Missing character: There is no ô in font cmr10!

Underfull \hbox (badness 10000) in paragraph at lines 502--503

 []

[22]
Missing character: There is no ‚ in font cmr10!
Missing character: There is no Ä in font cmr10!
Missing character: There is no ú in font cmr10!
Missing character: There is no ‚ in font cmr10!
Missing character: There is no Ä in font cmr10!
Missing character: There is no ù in font cmr10!
Missing character: There is no ‚ in font cmr10!
Missing character: There is no Ä in font cmr10!
Missing character: There is no ò in font cmr10!
Missing character: There is no ‚ in font cmr10!
Missing character: There is no Ä in font cmr10!
Missing character: There is no ô in font cmr10!
Missing character: There is no ‚ in font cmr10!
Missing character: There is no Ä in font cmr10!
Missing character: There is no ò in font cmr10!
Missing character: There is no ‚ in font cmr10!
Missing character: There is no Ä in font cmr10!
Missing character: There is no ô in font cmr10!
Missing character: There is no ‚ in font cmr10!
Missing character: There is no Ä in font cmr10!
Missing character: There is no ô in font cmr10!

Underfull \hbox (badness 10000) in paragraph at lines 505--510

 []


Underfull \hbox (badness 10000) in paragraph at lines 505--510

 []


Underfull \hbox (badness 10000) in paragraph at lines 516--523

 []


Underfull \hbox (badness 10000) in paragraph at lines 516--523

 []


Underfull \hbox (badness 10000) in paragraph at lines 516--523

 []


Underfull \hbox (badness 10000) in paragraph at lines 516--523

 []

[23] <gantt.png, id=119, 963.6pt x 665.48625pt>
File: gantt.png Graphic file (type png)
 <use gantt.png>
Underfull \hbox (badness 10000) in paragraph at lines 524--530

 []


Overfull \hbox (12.8693pt too wide) in paragraph at lines 524--530
[]
 []


Underfull \hbox (badness 10000) in paragraph at lines 524--530

 []


Underfull \hbox (badness 10000) in paragraph at lines 524--530

 []

[24] [25 <./gantt.png>] <kb.png, id=127, 1371.1225pt x 770.88pt>
File: kb.png Graphic file (type png)
 <use kb.png>
Missing character: There is no ‚ in font cmr10!
Missing character: There is no Ä in font cmr10!
Missing character: There is no ô in font cmr10!

<pert.png, id=128, 893.58844pt x 487.06969pt>
File: pert.png Graphic file (type png)
 <use pert.png>
Underfull \hbox (badness 10000) in paragraph at lines 534--541

 []


Underfull \hbox (badness 10000) in paragraph at lines 534--541

 []


Underfull \hbox (badness 10000) in paragraph at lines 534--541

 []


Underfull \hbox (badness 10000) in paragraph at lines 534--541

 []

[26 <./kb.png (PNG copy)>]
Missing character: There is no ‚ in font cmr10!
Missing character: There is no Ä in font cmr10!
Missing character: There is no ô in font cmr10!
Missing character: There is no ‚ in font cmr10!
Missing character: There is no Ä in font cmr10!
Missing character: There is no ô in font cmr10!
Missing character: There is no ‚ in font cmr10!
Missing character: There is no Ä in font cmr10!
Missing character: There is no ô in font cmr10!
Missing character: There is no ‚ in font cmr10!
Missing character: There is no Ä in font cmr10!
Missing character: There is no ô in font cmr10!

Underfull \hbox (badness 10000) in paragraph at lines 544--548

 []


Underfull \hbox (badness 10000) in paragraph at lines 544--548

 []


Underfull \hbox (badness 10000) in paragraph at lines 544--548

 []

[27 <./pert.png (PNG copy)>] [28] (./report.bbl
Underfull \hbox (badness 10000) in paragraph at lines 38--42
[]\OT1/cmr/m/n/10 [Online]. Avail-able: https://itunes.apple.com/app/hexatone-p
ro-idm-rhythm-
 []

! Misplaced alignment tab character &.
<argument> ...bermouth.net/news.aspx?mode=Article&
                                                  newsitemID=124671
l.46 .../news.aspx?mode=Article&newsitemID=124671}
                                                  
? :quit
Type <return> to proceed, S to scroll future error messages,
R to run without stopping, Q to run quietly,
I to insert something, E to edit your file,
1 or ... or 9 to ignore the next 1 to 9 tokens of input,
H for help, X to quit.
? 

Underfull \hbox (badness 10000) in paragraph at lines 68--72
[]\OT1/cmr/m/n/10 [Online]. Avail-able: http://uk.yamaha.com/en/products/musica
l-
 []

) [29] [30] [31] (./report.aux)

LaTeX Warning: There were undefined references.

 ) 
Here is how much of TeX's memory you used:
 2082 strings out of 495061
 26078 string characters out of 1182622
 85897 words of memory out of 3000000
 5240 multiletter control sequences out of 15000+50000
 10203 words of font info for 37 fonts, out of 3000000 for 9000
 28 hyphenation exceptions out of 8191
 27i,7n,32p,1298b,294s stack positions out of 5000i,500n,10000p,200000b,50000s
</usr/share/texmf-texlive/fonts/type1/public/amsfonts/cm/cmbx10.pfb></usr/sha
re/texmf-texlive/fonts/type1/public/amsfonts/cm/cmbx12.pfb></usr/share/texmf-te
xlive/fonts/type1/public/amsfonts/cm/cmbxti10.pfb></usr/share/texmf-texlive/fon
ts/type1/public/amsfonts/cm/cmmi10.pfb></usr/share/texmf-texlive/fonts/type1/pu
blic/amsfonts/cm/cmr10.pfb></usr/share/texmf-texlive/fonts/type1/public/amsfont
s/cm/cmr12.pfb></usr/share/texmf-texlive/fonts/type1/public/amsfonts/cm/cmr17.p
fb></usr/share/texmf-texlive/fonts/type1/public/amsfonts/cm/cmr7.pfb></usr/shar
e/texmf-texlive/fonts/type1/public/amsfonts/cm/cmsy10.pfb></usr/share/texmf-tex
live/fonts/type1/public/amsfonts/cm/cmti10.pfb></usr/share/texmf-texlive/fonts/
type1/public/amsfonts/cm/cmtt10.pfb>
Output written on report.pdf (32 pages, 4995388 bytes).
PDF statistics:
 183 PDF objects out of 1000 (max. 8388607)
 0 named destinations out of 1000 (max. 500000)
 126 words of extra memory for PDF output out of 10000 (max. 10000000)

